<?xml version="1.0" encoding="UTF-8"?>
<testsuite xmlns:xsi="http://www.w3.org/2001/XMLSchema-instance" xsi:noNamespaceSchemaLocation="https://maven.apache.org/surefire/maven-surefire-plugin/xsd/surefire-test-report.xsd" name="org.example.AppTest" time="0.051" tests="1" errors="0" skipped="0" failures="0">
  <properties>
    <property name="sun.desktop" value="windows"/>
    <property name="awt.toolkit" value="sun.awt.windows.WToolkit"/>
    <property name="file.encoding.pkg" value="sun.io"/>
    <property name="java.specification.version" value="1.8"/>
    <property name="sun.cpu.isalist" value="amd64"/>
    <property name="sun.jnu.encoding" value="Cp1252"/>
    <property name="java.class.path" value="C:\TEMP\India2\target\test-classes;C:\TEMP\India2\target\classes;C:\Users\ganes\.m2\repository\junit\junit\4.11\junit-4.11.jar;C:\Users\ganes\.m2\repository\org\hamcrest\hamcrest-core\1.3\hamcrest-core-1.3.jar;"/>
    <property name="java.vm.vendor" value="Amazon.com Inc."/>
    <property name="sun.arch.data.model" value="64"/>
    <property name="user.variant" value=""/>
    <property name="java.vendor.url" value="https://aws.amazon.com/corretto/"/>
    <property name="user.timezone" value="Asia/Calcutta"/>
    <property name="java.vm.specification.version" value="1.8"/>
    <property name="os.name" value="Windows 10"/>
    <property name="user.country" value="GB"/>
    <property name="sun.java.launcher" value="SUN_STANDARD"/>
    <property name="sun.boot.library.path" value="C:\Users\ganes\.jdks\corretto-1.8.0_275\jre\bin"/>
    <property name="sun.java.command" value="C:\Users\ganes\AppData\Local\Temp\surefire8373569698338882068\surefirebooter2844835916312146252.jar C:\Users\ganes\AppData\Local\Temp\surefire8373569698338882068 2020-12-27T01-19-20_281-jvmRun1 surefire7800454730597339265tmp surefire_07336225099290290701tmp"/>
    <property name="surefire.test.class.path" value="C:\TEMP\India2\target\test-classes;C:\TEMP\India2\target\classes;C:\Users\ganes\.m2\repository\junit\junit\4.11\junit-4.11.jar;C:\Users\ganes\.m2\repository\org\hamcrest\hamcrest-core\1.3\hamcrest-core-1.3.jar;"/>
    <property name="sun.cpu.endian" value="little"/>
    <property name="user.home" value="C:\Users\ganes"/>
    <property name="user.language" value="en"/>
    <property name="java.specification.vendor" value="Oracle Corporation"/>
    <property name="java.home" value="C:\Users\ganes\.jdks\corretto-1.8.0_275\jre"/>
    <property name="basedir" value="C:\TEMP\India2"/>
    <property name="file.separator" value="\"/>
    <property name="line.separator" value="&#10;"/>
    <property name="java.vm.specification.vendor" value="Oracle Corporation"/>
    <property name="java.specification.name" value="Java Platform API Specification"/>
    <property name="java.awt.graphicsenv" value="sun.awt.Win32GraphicsEnvironment"/>
    <property name="surefire.real.class.path" value="C:\Users\ganes\AppData\Local\Temp\surefire8373569698338882068\surefirebooter2844835916312146252.jar"/>
    <property name="sun.boot.class.path" value="C:\Users\ganes\.jdks\corretto-1.8.0_275\jre\lib\resources.jar;C:\Users\ganes\.jdks\corretto-1.8.0_275\jre\lib\rt.jar;C:\Users\ganes\.jdks\corretto-1.8.0_275\jre\lib\sunrsasign.jar;C:\Users\ganes\.jdks\corretto-1.8.0_275\jre\lib\jsse.jar;C:\Users\ganes\.jdks\corretto-1.8.0_275\jre\lib\jce.jar;C:\Users\ganes\.jdks\corretto-1.8.0_275\jre\lib\charsets.jar;C:\Users\ganes\.jdks\corretto-1.8.0_275\jre\lib\jfr.jar;C:\Users\ganes\.jdks\corretto-1.8.0_275\jre\classes"/>
    <property name="user.script" value=""/>
    <property name="sun.management.compiler" value="HotSpot 64-Bit Tiered Compilers"/>
    <property name="java.runtime.version" value="1.8.0_275-b01"/>
    <property name="user.name" value="ganes"/>
    <property name="path.separator" value=";"/>
    <property name="os.version" value="10.0"/>
    <property name="java.endorsed.dirs" value="C:\Users\ganes\.jdks\corretto-1.8.0_275\jre\lib\endorsed"/>
    <property name="java.runtime.name" value="OpenJDK Runtime Environment"/>
    <property name="file.encoding" value="Cp1252"/>
    <property name="java.vm.name" value="OpenJDK 64-Bit Server VM"/>
    <property name="localRepository" value="C:\Users\ganes\.m2\repository"/>
    <property name="java.vendor.url.bug" value="https://github.com/corretto/corretto-8/issues/"/>
    <property name="java.io.tmpdir" value="C:\Users\ganes\AppData\Local\Temp\"/>
    <property name="idea.version" value="2020.3"/>
    <property name="java.version" value="1.8.0_275"/>
    <property name="user.dir" value="C:\TEMP\India2"/>
    <property name="os.arch" value="amd64"/>
    <property name="java.vm.specification.name" value="Java Virtual Machine Specification"/>
    <property name="java.awt.printerjob" value="sun.awt.windows.WPrinterJob"/>
    <property name="sun.os.patch.level" value=""/>
    <property name="java.library.path" value="C:\Users\ganes\.jdks\corretto-1.8.0_275\jre\bin;C:\WINDOWS\Sun\Java\bin;C:\WINDOWS\system32;C:\WINDOWS;C:\app\ganes\product\11.2.0\dbhome_4\bin;C:\app\ganes\product\11.2.0\dbhome_3\bin;C:\app\ganes\product\11.2.0\dbhome_2\bin;C:\app\ganes\product\11.2.0\dbhome_1\bin;C:\WINDOWS\system32;C:\WINDOWS;C:\WINDOWS\System32\Wbem;C:\WINDOWS\System32\WindowsPowerShell\v1.0\;C:\WINDOWS\System32\OpenSSH\;C:\PostgreSQL\pg11\bin;C:\Program Files\Git\cmd;C:\Program Files (x86)\Intel\Intel(R) Management Engine Components\DAL;C:\Program Files\Intel\Intel(R) Management Engine Components\DAL;C:\Program Files\Microsoft SQL Server\130\Tools\Binn\;C:\Users\ganes\AppData\Local\Programs\Python\Python36-32;C:\Program Files\Docker\Docker\resources\bin;C:\ProgramData\DockerDesktop\version-bin;C:\Program Files\PuTTY\;C:\Program Files\TortoiseGit\bin;%MAVEN_HOME%\bin;C:\Users\ganes\AppData\Local\Programs\Python\Python36-32;C:\Users\ganes\AppData\Local\Microsoft\WindowsApps;C:\Users\ganes\AppData\Local\atom\bin;C:\Users\ganes\AppData\Local\Programs\Python\Python36-32\Scripts;C:\Program Files\JetBrains\PyCharm Community Edition 2020.1.1\bin;;C:\Users\ganes\AppData\Local\Programs\Microsoft VS Code\bin;C:\Program Files\heroku\bin;C:\Users\ganes\AppData\Local\Microsoft\WindowsApps;C:\Users\ganes\Master DEVOPS\apache-maven-3.6.3-bin\apache-maven-3.6.3\bin;;C:\Program Files\JetBrains\IntelliJ IDEA Community Edition 2020.3\bin;;."/>
    <property name="java.vm.info" value="mixed mode"/>
    <property name="java.vendor" value="Amazon.com Inc."/>
    <property name="java.vm.version" value="25.275-b01"/>
    <property name="java.ext.dirs" value="C:\Users\ganes\.jdks\corretto-1.8.0_275\jre\lib\ext;C:\WINDOWS\Sun\Java\lib\ext"/>
    <property name="sun.io.unicode.encoding" value="UnicodeLittle"/>
    <property name="java.class.version" value="52.0"/>
  </properties>
  <testcase name="shouldAnswerWithTrue" classname="org.example.AppTest" time="0.006"/>
</testsuite>